Analysis & Synthesis report for computador
Wed Sep 29 21:07:12 2021
Quartus Prime Version 20.1.0 Build 711 06/05/2020 SJ Lite Edition


---------------------
; Table of Contents ;
---------------------
  1. Legal Notice
  2. Analysis & Synthesis Summary
  3. Analysis & Synthesis Settings
  4. Parallel Compilation
  5. Analysis & Synthesis Source Files Read
  6. Analysis & Synthesis Resource Usage Summary
  7. Analysis & Synthesis Resource Utilization by Entity
  8. General Register Statistics
  9. Multiplexer Restructuring Statistics (Restructuring Performed)
 10. Parameter Settings for User Entity Instance: Top-level Entity: |computador
 11. Parameter Settings for User Entity Instance: CPU:CPU
 12. Parameter Settings for User Entity Instance: CPU:CPU|muxGenerico2x1:MUX1
 13. Parameter Settings for User Entity Instance: CPU:CPU|registradorGenerico:REG_A
 14. Parameter Settings for User Entity Instance: CPU:CPU|ULASomaSub:ULA1
 15. Parameter Settings for User Entity Instance: CPU:CPU|decoder:DECODER
 16. Parameter Settings for User Entity Instance: CPU:CPU|proxima_instrucao:INSTR
 17. Parameter Settings for User Entity Instance: CPU:CPU|proxima_instrucao:INSTR|registradorGenerico:PC
 18. Parameter Settings for User Entity Instance: CPU:CPU|proxima_instrucao:INSTR|soma_constante:SOMA_CONST
 19. Parameter Settings for User Entity Instance: CPU:CPU|proxima_instrucao:INSTR|registradorGenerico:END_RETORNO
 20. Parameter Settings for User Entity Instance: CPU:CPU|proxima_instrucao:INSTR|muxGenerico4x1:MUX2
 21. Parameter Settings for User Entity Instance: memoriaRAM:RAM
 22. Parameter Settings for User Entity Instance: memoriaROM:ROM
 23. Parameter Settings for User Entity Instance: led_r:LED_R
 24. Parameter Settings for User Entity Instance: led_r:LED_R|registradorGenerico:REG_8bits
 25. Parameter Settings for User Entity Instance: d7segHex:HEX0_DECODER|registradorGenerico:REG_4bits
 26. Parameter Settings for User Entity Instance: d7segHex:HEX1_DECODER|registradorGenerico:REG_4bits
 27. Parameter Settings for User Entity Instance: d7segHex:HEX2_DECODER|registradorGenerico:REG_4bits
 28. Parameter Settings for User Entity Instance: d7segHex:HEX3_DECODER|registradorGenerico:REG_4bits
 29. Parameter Settings for User Entity Instance: d7segHex:HEX4_DECODER|registradorGenerico:REG_4bits
 30. Parameter Settings for User Entity Instance: d7segHex:HEX5_DECODER|registradorGenerico:REG_4bits
 31. Parameter Settings for User Entity Instance: buffer3state:SWR
 32. Parameter Settings for User Entity Instance: buffer3state:SW8
 33. Parameter Settings for User Entity Instance: buffer3state:SW9
 34. Parameter Settings for User Entity Instance: buffer3state:KEY0_INTERFACE_EXISTENTE
 35. Parameter Settings for User Entity Instance: buffer3state:KEY1
 36. Parameter Settings for User Entity Instance: buffer3state:KEY2
 37. Parameter Settings for User Entity Instance: buffer3state:KEY3
 38. Parameter Settings for User Entity Instance: buffer3state:RST_FPGA
 39. Port Connectivity Checks: "flipflopGenerico:FF_DEBOUNCER"
 40. Port Connectivity Checks: "d7segHex:HEX0_DECODER|conversorHex7Seg:DECODER_7seg"
 41. Port Connectivity Checks: "d7segHex:HEX0_DECODER|registradorGenerico:REG_4bits"
 42. Port Connectivity Checks: "led_solo:LED8|flipflopGenerico:FLIPS"
 43. Port Connectivity Checks: "led_r:LED_R|registradorGenerico:REG_8bits"
 44. Port Connectivity Checks: "decoder3x8:DECODER_ADDR"
 45. Port Connectivity Checks: "decoder3x8:DECODER_BLOCKS"
 46. Port Connectivity Checks: "CPU:CPU|proxima_instrucao:INSTR|muxGenerico4x1:MUX2"
 47. Port Connectivity Checks: "CPU:CPU|proxima_instrucao:INSTR|registradorGenerico:END_RETORNO"
 48. Port Connectivity Checks: "CPU:CPU|proxima_instrucao:INSTR|registradorGenerico:PC"
 49. Port Connectivity Checks: "CPU:CPU|proxima_instrucao:INSTR"
 50. Port Connectivity Checks: "CPU:CPU|flipflopGenerico:FLAG"
 51. Port Connectivity Checks: "CPU:CPU|registradorGenerico:REG_A"
 52. Port Connectivity Checks: "CPU:CPU"
 53. Post-Synthesis Netlist Statistics for Top Partition
 54. Elapsed Time Per Partition
 55. Analysis & Synthesis Messages



----------------
; Legal Notice ;
----------------
Copyright (C) 2020  Intel Corporation. All rights reserved.
Your use of Intel Corporation's design tools, logic functions 
and other software and tools, and any partner logic 
functions, and any output files from any of the foregoing 
(including device programming or simulation files), and any 
associated documentation or information are expressly subject 
to the terms and conditions of the Intel Program License 
Subscription Agreement, the Intel Quartus Prime License Agreement,
the Intel FPGA IP License Agreement, or other applicable license
agreement, including, without limitation, that your use is for
the sole purpose of programming logic devices manufactured by
Intel and sold by Intel or its authorized distributors.  Please
refer to the applicable agreement for further details, at
https://fpgasoftware.intel.com/eula.



+-------------------------------------------------------------------------------+
; Analysis & Synthesis Summary                                                  ;
+---------------------------------+---------------------------------------------+
; Analysis & Synthesis Status     ; Successful - Wed Sep 29 21:07:12 2021       ;
; Quartus Prime Version           ; 20.1.0 Build 711 06/05/2020 SJ Lite Edition ;
; Revision Name                   ; computador                                  ;
; Top-level Entity Name           ; computador                                  ;
; Family                          ; Cyclone V                                   ;
; Logic utilization (in ALMs)     ; N/A                                         ;
; Total registers                 ; 575                                         ;
; Total pins                      ; 68                                          ;
; Total virtual pins              ; 0                                           ;
; Total block memory bits         ; 0                                           ;
; Total DSP Blocks                ; 0                                           ;
; Total HSSI RX PCSs              ; 0                                           ;
; Total HSSI PMA RX Deserializers ; 0                                           ;
; Total HSSI TX PCSs              ; 0                                           ;
; Total HSSI PMA TX Serializers   ; 0                                           ;
; Total PLLs                      ; 0                                           ;
; Total DLLs                      ; 0                                           ;
+---------------------------------+---------------------------------------------+


+---------------------------------------------------------------------------------------------------------------------------+
; Analysis & Synthesis Settings                                                                                             ;
+---------------------------------------------------------------------------------+--------------------+--------------------+
; Option                                                                          ; Setting            ; Default Value      ;
+---------------------------------------------------------------------------------+--------------------+--------------------+
; Device                                                                          ; 5CEBA4F23C7        ;                    ;
; Top-level entity name                                                           ; computador         ; computador         ;
; Family name                                                                     ; Cyclone V          ; Cyclone V          ;
; Maximum processors allowed for parallel compilation                             ; All                ;                    ;
; VHDL Show LMF Mapping Messages                                                  ; Off                ;                    ;
; VHDL Version                                                                    ; VHDL_2008          ; VHDL_1993          ;
; Use smart compilation                                                           ; Off                ; Off                ;
; Enable parallel Assembler and Timing Analyzer during compilation                ; On                 ; On                 ;
; Enable compact report table                                                     ; Off                ; Off                ;
; Restructure Multiplexers                                                        ; Auto               ; Auto               ;
; MLAB Add Timing Constraints For Mixed-Port Feed-Through Mode Setting Don't Care ; Off                ; Off                ;
; Create Debugging Nodes for IP Cores                                             ; Off                ; Off                ;
; Preserve fewer node names                                                       ; On                 ; On                 ;
; Intel FPGA IP Evaluation Mode                                                   ; Enable             ; Enable             ;
; Verilog Version                                                                 ; Verilog_2001       ; Verilog_2001       ;
; State Machine Processing                                                        ; Auto               ; Auto               ;
; Safe State Machine                                                              ; Off                ; Off                ;
; Extract Verilog State Machines                                                  ; On                 ; On                 ;
; Extract VHDL State Machines                                                     ; On                 ; On                 ;
; Ignore Verilog initial constructs                                               ; Off                ; Off                ;
; Iteration limit for constant Verilog loops                                      ; 5000               ; 5000               ;
; Iteration limit for non-constant Verilog loops                                  ; 250                ; 250                ;
; Add Pass-Through Logic to Inferred RAMs                                         ; On                 ; On                 ;
; Infer RAMs from Raw Logic                                                       ; On                 ; On                 ;
; Parallel Synthesis                                                              ; On                 ; On                 ;
; DSP Block Balancing                                                             ; Auto               ; Auto               ;
; NOT Gate Push-Back                                                              ; On                 ; On                 ;
; Power-Up Don't Care                                                             ; On                 ; On                 ;
; Remove Redundant Logic Cells                                                    ; Off                ; Off                ;
; Remove Duplicate Registers                                                      ; On                 ; On                 ;
; Ignore CARRY Buffers                                                            ; Off                ; Off                ;
; Ignore CASCADE Buffers                                                          ; Off                ; Off                ;
; Ignore GLOBAL Buffers                                                           ; Off                ; Off                ;
; Ignore ROW GLOBAL Buffers                                                       ; Off                ; Off                ;
; Ignore LCELL Buffers                                                            ; Off                ; Off                ;
; Ignore SOFT Buffers                                                             ; On                 ; On                 ;
; Limit AHDL Integers to 32 Bits                                                  ; Off                ; Off                ;
; Optimization Technique                                                          ; Balanced           ; Balanced           ;
; Carry Chain Length                                                              ; 70                 ; 70                 ;
; Auto Carry Chains                                                               ; On                 ; On                 ;
; Auto Open-Drain Pins                                                            ; On                 ; On                 ;
; Perform WYSIWYG Primitive Resynthesis                                           ; Off                ; Off                ;
; Auto ROM Replacement                                                            ; On                 ; On                 ;
; Auto RAM Replacement                                                            ; On                 ; On                 ;
; Auto DSP Block Replacement                                                      ; On                 ; On                 ;
; Auto Shift Register Replacement                                                 ; Auto               ; Auto               ;
; Allow Shift Register Merging across Hierarchies                                 ; Auto               ; Auto               ;
; Auto Clock Enable Replacement                                                   ; On                 ; On                 ;
; Strict RAM Replacement                                                          ; Off                ; Off                ;
; Allow Synchronous Control Signals                                               ; On                 ; On                 ;
; Force Use of Synchronous Clear Signals                                          ; Off                ; Off                ;
; Auto Resource Sharing                                                           ; Off                ; Off                ;
; Allow Any RAM Size For Recognition                                              ; Off                ; Off                ;
; Allow Any ROM Size For Recognition                                              ; Off                ; Off                ;
; Allow Any Shift Register Size For Recognition                                   ; Off                ; Off                ;
; Use LogicLock Constraints during Resource Balancing                             ; On                 ; On                 ;
; Ignore translate_off and synthesis_off directives                               ; Off                ; Off                ;
; Timing-Driven Synthesis                                                         ; On                 ; On                 ;
; Report Parameter Settings                                                       ; On                 ; On                 ;
; Report Source Assignments                                                       ; On                 ; On                 ;
; Report Connectivity Checks                                                      ; On                 ; On                 ;
; Ignore Maximum Fan-Out Assignments                                              ; Off                ; Off                ;
; Synchronization Register Chain Length                                           ; 3                  ; 3                  ;
; Power Optimization During Synthesis                                             ; Normal compilation ; Normal compilation ;
; HDL message level                                                               ; Level2             ; Level2             ;
; Suppress Register Optimization Related Messages                                 ; Off                ; Off                ;
; Number of Removed Registers Reported in Synthesis Report                        ; 5000               ; 5000               ;
; Number of Swept Nodes Reported in Synthesis Report                              ; 5000               ; 5000               ;
; Number of Inverted Registers Reported in Synthesis Report                       ; 100                ; 100                ;
; Clock MUX Protection                                                            ; On                 ; On                 ;
; Auto Gated Clock Conversion                                                     ; Off                ; Off                ;
; Block Design Naming                                                             ; Auto               ; Auto               ;
; SDC constraint protection                                                       ; Off                ; Off                ;
; Synthesis Effort                                                                ; Auto               ; Auto               ;
; Shift Register Replacement - Allow Asynchronous Clear Signal                    ; On                 ; On                 ;
; Pre-Mapping Resynthesis Optimization                                            ; Off                ; Off                ;
; Analysis & Synthesis Message Level                                              ; Medium             ; Medium             ;
; Disable Register Merging Across Hierarchies                                     ; Auto               ; Auto               ;
; Resource Aware Inference For Block RAM                                          ; On                 ; On                 ;
; Automatic Parallel Synthesis                                                    ; On                 ; On                 ;
; Partial Reconfiguration Bitstream ID                                            ; Off                ; Off                ;
+---------------------------------------------------------------------------------+--------------------+--------------------+


+------------------------------------------+
; Parallel Compilation                     ;
+----------------------------+-------------+
; Processors                 ; Number      ;
+----------------------------+-------------+
; Number detected on machine ; 8           ;
; Maximum allowed            ; 4           ;
;                            ;             ;
; Average used               ; 1.00        ;
; Maximum used               ; 4           ;
;                            ;             ;
; Usage by Processor         ; % Time Used ;
;     Processor 1            ; 100.0%      ;
;     Processor 2            ;   0.0%      ;
;     Processor 3            ;   0.0%      ;
;     Processor 4            ;   0.0%      ;
+----------------------------+-------------+


+-------------------------------------------------------------------------------------------------------------------------------------------------------------------+
; Analysis & Synthesis Source Files Read                                                                                                                            ;
+----------------------------------+-----------------+-----------------+----------------------------------------------------------------------------------+---------+
; File Name with User-Entered Path ; Used in Netlist ; File Type       ; File Name with Absolute Path                                                     ; Library ;
+----------------------------------+-----------------+-----------------+----------------------------------------------------------------------------------+---------+
; edgeDetector.vhd                 ; yes             ; User VHDL File  ; C:/Users/elm_t/Documents/grad/descomp/atividades/aula_08/edgeDetector.vhd        ;         ;
; ULASomaSub.vhd                   ; yes             ; User VHDL File  ; C:/Users/elm_t/Documents/grad/descomp/atividades/aula_08/ULASomaSub.vhd          ;         ;
; soma_constante.vhd               ; yes             ; User VHDL File  ; C:/Users/elm_t/Documents/grad/descomp/atividades/aula_08/soma_constante.vhd      ;         ;
; registradorGenerico.vhd          ; yes             ; User VHDL File  ; C:/Users/elm_t/Documents/grad/descomp/atividades/aula_08/registradorGenerico.vhd ;         ;
; proxima_instrucao.vhd            ; yes             ; User VHDL File  ; C:/Users/elm_t/Documents/grad/descomp/atividades/aula_08/proxima_instrucao.vhd   ;         ;
; muxGenerico2x1.vhd               ; yes             ; User VHDL File  ; C:/Users/elm_t/Documents/grad/descomp/atividades/aula_08/muxGenerico2x1.vhd      ;         ;
; memoriaROM.vhd                   ; yes             ; User VHDL File  ; C:/Users/elm_t/Documents/grad/descomp/atividades/aula_08/memoriaROM.vhd          ;         ;
; memoriaRAM.vhd                   ; yes             ; User VHDL File  ; C:/Users/elm_t/Documents/grad/descomp/atividades/aula_08/memoriaRAM.vhd          ;         ;
; decoder.vhd                      ; yes             ; User VHDL File  ; C:/Users/elm_t/Documents/grad/descomp/atividades/aula_08/decoder.vhd             ;         ;
; computer_constants.vhd           ; yes             ; User VHDL File  ; C:/Users/elm_t/Documents/grad/descomp/atividades/aula_08/computer_constants.vhd  ;         ;
; computador.vhd                   ; yes             ; User VHDL File  ; C:/Users/elm_t/Documents/grad/descomp/atividades/aula_08/computador.vhd          ;         ;
; logica_desvio.vhd                ; yes             ; User VHDL File  ; C:/Users/elm_t/Documents/grad/descomp/atividades/aula_08/logica_desvio.vhd       ;         ;
; flipflopGenerico.vhd             ; yes             ; User VHDL File  ; C:/Users/elm_t/Documents/grad/descomp/atividades/aula_08/flipflopGenerico.vhd    ;         ;
; muxGenerico4x1.vhd               ; yes             ; User VHDL File  ; C:/Users/elm_t/Documents/grad/descomp/atividades/aula_08/muxGenerico4x1.vhd      ;         ;
; CPU.vhd                          ; yes             ; User VHDL File  ; C:/Users/elm_t/Documents/grad/descomp/atividades/aula_08/CPU.vhd                 ;         ;
; decoder1.vhd                     ; yes             ; User VHDL File  ; C:/Users/elm_t/Documents/grad/descomp/atividades/aula_08/decoder1.vhd            ;         ;
; led_r.vhd                        ; yes             ; User VHDL File  ; C:/Users/elm_t/Documents/grad/descomp/atividades/aula_08/led_r.vhd               ;         ;
; led_solo.vhd                     ; yes             ; User VHDL File  ; C:/Users/elm_t/Documents/grad/descomp/atividades/aula_08/led_solo.vhd            ;         ;
; conversorHex7Seg.vhd             ; yes             ; User VHDL File  ; C:/Users/elm_t/Documents/grad/descomp/atividades/aula_08/conversorHex7Seg.vhd    ;         ;
; d7segHex.vhd                     ; yes             ; User VHDL File  ; C:/Users/elm_t/Documents/grad/descomp/atividades/aula_08/d7segHex.vhd            ;         ;
; buffer3state.vhd                 ; yes             ; User VHDL File  ; C:/Users/elm_t/Documents/grad/descomp/atividades/aula_08/buffer3state.vhd        ;         ;
+----------------------------------+-----------------+-----------------+----------------------------------------------------------------------------------+---------+


+--------------------------------------------------------------+
; Analysis & Synthesis Resource Usage Summary                  ;
+---------------------------------------------+----------------+
; Resource                                    ; Usage          ;
+---------------------------------------------+----------------+
; Estimate of Logic utilization (ALMs needed) ; 449            ;
;                                             ;                ;
; Combinational ALUT usage for logic          ; 454            ;
;     -- 7 input functions                    ; 1              ;
;     -- 6 input functions                    ; 256            ;
;     -- 5 input functions                    ; 31             ;
;     -- 4 input functions                    ; 60             ;
;     -- <=3 input functions                  ; 106            ;
;                                             ;                ;
; Dedicated logic registers                   ; 575            ;
;                                             ;                ;
; I/O pins                                    ; 68             ;
;                                             ;                ;
; Total DSP Blocks                            ; 0              ;
;                                             ;                ;
; Maximum fan-out node                        ; CLOCK_50~input ;
; Maximum fan-out                             ; 574            ;
; Total fan-out                               ; 4025           ;
; Average fan-out                             ; 3.45           ;
+---------------------------------------------+----------------+


+------------------------------------------------------------------------------------------------------------------------------------------------------------------------------------------------------------------------------------------------------------------------+
; Analysis & Synthesis Resource Utilization by Entity                                                                                                                                                                                                                    ;
+--------------------------------------------+---------------------+---------------------------+-------------------+------------+------+--------------+-----------------------------------------------------------------------------+---------------------+--------------+
; Compilation Hierarchy Node                 ; Combinational ALUTs ; Dedicated Logic Registers ; Block Memory Bits ; DSP Blocks ; Pins ; Virtual Pins ; Full Hierarchy Name                                                         ; Entity Name         ; Library Name ;
+--------------------------------------------+---------------------+---------------------------+-------------------+------------+------+--------------+-----------------------------------------------------------------------------+---------------------+--------------+
; |computador                                ; 454 (19)            ; 575 (0)                   ; 0                 ; 0          ; 68   ; 0            ; |computador                                                                 ; computador          ; work         ;
;    |CPU:CPU|                               ; 66 (0)              ; 27 (0)                    ; 0                 ; 0          ; 0    ; 0            ; |computador|CPU:CPU                                                         ; CPU                 ; work         ;
;       |ULASomaSub:ULA1|                    ; 25 (25)             ; 0 (0)                     ; 0                 ; 0          ; 0    ; 0            ; |computador|CPU:CPU|ULASomaSub:ULA1                                         ; ULASomaSub          ; work         ;
;       |decoder:DECODER|                    ; 11 (11)             ; 0 (0)                     ; 0                 ; 0          ; 0    ; 0            ; |computador|CPU:CPU|decoder:DECODER                                         ; decoder             ; work         ;
;       |flipflopGenerico:FLAG|              ; 3 (3)               ; 1 (1)                     ; 0                 ; 0          ; 0    ; 0            ; |computador|CPU:CPU|flipflopGenerico:FLAG                                   ; flipflopGenerico    ; work         ;
;       |muxGenerico2x1:MUX1|                ; 7 (7)               ; 0 (0)                     ; 0                 ; 0          ; 0    ; 0            ; |computador|CPU:CPU|muxGenerico2x1:MUX1                                     ; muxGenerico2x1      ; work         ;
;       |proxima_instrucao:INSTR|            ; 20 (0)              ; 18 (0)                    ; 0                 ; 0          ; 0    ; 0            ; |computador|CPU:CPU|proxima_instrucao:INSTR                                 ; proxima_instrucao   ; work         ;
;          |muxGenerico4x1:MUX2|             ; 11 (11)             ; 0 (0)                     ; 0                 ; 0          ; 0    ; 0            ; |computador|CPU:CPU|proxima_instrucao:INSTR|muxGenerico4x1:MUX2             ; muxGenerico4x1      ; work         ;
;          |registradorGenerico:END_RETORNO| ; 0 (0)               ; 9 (9)                     ; 0                 ; 0          ; 0    ; 0            ; |computador|CPU:CPU|proxima_instrucao:INSTR|registradorGenerico:END_RETORNO ; registradorGenerico ; work         ;
;          |registradorGenerico:PC|          ; 0 (0)               ; 9 (9)                     ; 0                 ; 0          ; 0    ; 0            ; |computador|CPU:CPU|proxima_instrucao:INSTR|registradorGenerico:PC          ; registradorGenerico ; work         ;
;          |soma_constante:SOMA_CONST|       ; 9 (9)               ; 0 (0)                     ; 0                 ; 0          ; 0    ; 0            ; |computador|CPU:CPU|proxima_instrucao:INSTR|soma_constante:SOMA_CONST       ; soma_constante      ; work         ;
;       |registradorGenerico:REG_A|          ; 0 (0)               ; 8 (8)                     ; 0                 ; 0          ; 0    ; 0            ; |computador|CPU:CPU|registradorGenerico:REG_A                               ; registradorGenerico ; work         ;
;    |d7segHex:HEX0_DECODER|                 ; 7 (0)               ; 4 (0)                     ; 0                 ; 0          ; 0    ; 0            ; |computador|d7segHex:HEX0_DECODER                                           ; d7segHex            ; work         ;
;       |conversorHex7Seg:DECODER_7seg|      ; 7 (7)               ; 0 (0)                     ; 0                 ; 0          ; 0    ; 0            ; |computador|d7segHex:HEX0_DECODER|conversorHex7Seg:DECODER_7seg             ; conversorHex7Seg    ; work         ;
;       |registradorGenerico:REG_4bits|      ; 0 (0)               ; 4 (4)                     ; 0                 ; 0          ; 0    ; 0            ; |computador|d7segHex:HEX0_DECODER|registradorGenerico:REG_4bits             ; registradorGenerico ; work         ;
;    |d7segHex:HEX1_DECODER|                 ; 7 (0)               ; 4 (0)                     ; 0                 ; 0          ; 0    ; 0            ; |computador|d7segHex:HEX1_DECODER                                           ; d7segHex            ; work         ;
;       |conversorHex7Seg:DECODER_7seg|      ; 7 (7)               ; 0 (0)                     ; 0                 ; 0          ; 0    ; 0            ; |computador|d7segHex:HEX1_DECODER|conversorHex7Seg:DECODER_7seg             ; conversorHex7Seg    ; work         ;
;       |registradorGenerico:REG_4bits|      ; 0 (0)               ; 4 (4)                     ; 0                 ; 0          ; 0    ; 0            ; |computador|d7segHex:HEX1_DECODER|registradorGenerico:REG_4bits             ; registradorGenerico ; work         ;
;    |d7segHex:HEX2_DECODER|                 ; 7 (0)               ; 4 (0)                     ; 0                 ; 0          ; 0    ; 0            ; |computador|d7segHex:HEX2_DECODER                                           ; d7segHex            ; work         ;
;       |conversorHex7Seg:DECODER_7seg|      ; 7 (7)               ; 0 (0)                     ; 0                 ; 0          ; 0    ; 0            ; |computador|d7segHex:HEX2_DECODER|conversorHex7Seg:DECODER_7seg             ; conversorHex7Seg    ; work         ;
;       |registradorGenerico:REG_4bits|      ; 0 (0)               ; 4 (4)                     ; 0                 ; 0          ; 0    ; 0            ; |computador|d7segHex:HEX2_DECODER|registradorGenerico:REG_4bits             ; registradorGenerico ; work         ;
;    |d7segHex:HEX3_DECODER|                 ; 7 (0)               ; 4 (0)                     ; 0                 ; 0          ; 0    ; 0            ; |computador|d7segHex:HEX3_DECODER                                           ; d7segHex            ; work         ;
;       |conversorHex7Seg:DECODER_7seg|      ; 7 (7)               ; 0 (0)                     ; 0                 ; 0          ; 0    ; 0            ; |computador|d7segHex:HEX3_DECODER|conversorHex7Seg:DECODER_7seg             ; conversorHex7Seg    ; work         ;
;       |registradorGenerico:REG_4bits|      ; 0 (0)               ; 4 (4)                     ; 0                 ; 0          ; 0    ; 0            ; |computador|d7segHex:HEX3_DECODER|registradorGenerico:REG_4bits             ; registradorGenerico ; work         ;
;    |d7segHex:HEX4_DECODER|                 ; 7 (0)               ; 4 (0)                     ; 0                 ; 0          ; 0    ; 0            ; |computador|d7segHex:HEX4_DECODER                                           ; d7segHex            ; work         ;
;       |conversorHex7Seg:DECODER_7seg|      ; 7 (7)               ; 0 (0)                     ; 0                 ; 0          ; 0    ; 0            ; |computador|d7segHex:HEX4_DECODER|conversorHex7Seg:DECODER_7seg             ; conversorHex7Seg    ; work         ;
;       |registradorGenerico:REG_4bits|      ; 0 (0)               ; 4 (4)                     ; 0                 ; 0          ; 0    ; 0            ; |computador|d7segHex:HEX4_DECODER|registradorGenerico:REG_4bits             ; registradorGenerico ; work         ;
;    |d7segHex:HEX5_DECODER|                 ; 7 (0)               ; 4 (0)                     ; 0                 ; 0          ; 0    ; 0            ; |computador|d7segHex:HEX5_DECODER                                           ; d7segHex            ; work         ;
;       |conversorHex7Seg:DECODER_7seg|      ; 7 (7)               ; 0 (0)                     ; 0                 ; 0          ; 0    ; 0            ; |computador|d7segHex:HEX5_DECODER|conversorHex7Seg:DECODER_7seg             ; conversorHex7Seg    ; work         ;
;       |registradorGenerico:REG_4bits|      ; 0 (0)               ; 4 (4)                     ; 0                 ; 0          ; 0    ; 0            ; |computador|d7segHex:HEX5_DECODER|registradorGenerico:REG_4bits             ; registradorGenerico ; work         ;
;    |edgeDetector:detectorSub0|             ; 2 (2)               ; 1 (1)                     ; 0                 ; 0          ; 0    ; 0            ; |computador|edgeDetector:detectorSub0                                       ; edgeDetector        ; work         ;
;    |flipflopGenerico:FF_DEBOUNCER|         ; 0 (0)               ; 1 (1)                     ; 0                 ; 0          ; 0    ; 0            ; |computador|flipflopGenerico:FF_DEBOUNCER                                   ; flipflopGenerico    ; work         ;
;    |led_r:LED_R|                           ; 0 (0)               ; 8 (0)                     ; 0                 ; 0          ; 0    ; 0            ; |computador|led_r:LED_R                                                     ; led_r               ; work         ;
;       |registradorGenerico:REG_8bits|      ; 0 (0)               ; 8 (8)                     ; 0                 ; 0          ; 0    ; 0            ; |computador|led_r:LED_R|registradorGenerico:REG_8bits                       ; registradorGenerico ; work         ;
;    |led_solo:LED8|                         ; 1 (0)               ; 1 (0)                     ; 0                 ; 0          ; 0    ; 0            ; |computador|led_solo:LED8                                                   ; led_solo            ; work         ;
;       |flipflopGenerico:FLIPS|             ; 1 (1)               ; 1 (1)                     ; 0                 ; 0          ; 0    ; 0            ; |computador|led_solo:LED8|flipflopGenerico:FLIPS                            ; flipflopGenerico    ; work         ;
;    |led_solo:LED9|                         ; 1 (0)               ; 1 (0)                     ; 0                 ; 0          ; 0    ; 0            ; |computador|led_solo:LED9                                                   ; led_solo            ; work         ;
;       |flipflopGenerico:FLIPS|             ; 1 (1)               ; 1 (1)                     ; 0                 ; 0          ; 0    ; 0            ; |computador|led_solo:LED9|flipflopGenerico:FLIPS                            ; flipflopGenerico    ; work         ;
;    |memoriaRAM:RAM|                        ; 297 (297)           ; 512 (512)                 ; 0                 ; 0          ; 0    ; 0            ; |computador|memoriaRAM:RAM                                                  ; memoriaRAM          ; work         ;
;    |memoriaROM:ROM|                        ; 26 (26)             ; 0 (0)                     ; 0                 ; 0          ; 0    ; 0            ; |computador|memoriaROM:ROM                                                  ; memoriaROM          ; work         ;
+--------------------------------------------+---------------------+---------------------------+-------------------+------------+------+--------------+-----------------------------------------------------------------------------+---------------------+--------------+
Note: For table entries with two numbers listed, the numbers in parentheses indicate the number of resources of the given type used by the specific entity alone. The numbers listed outside of parentheses indicate the total resources of the given type used by the specific entity and all of its sub-entities in the hierarchy.


+------------------------------------------------------+
; General Register Statistics                          ;
+----------------------------------------------+-------+
; Statistic                                    ; Value ;
+----------------------------------------------+-------+
; Total registers                              ; 575   ;
; Number of registers using Synchronous Clear  ; 0     ;
; Number of registers using Synchronous Load   ; 8     ;
; Number of registers using Asynchronous Clear ; 1     ;
; Number of registers using Asynchronous Load  ; 0     ;
; Number of registers using Clock Enable       ; 561   ;
; Number of registers using Preset             ; 0     ;
+----------------------------------------------+-------+


+------------------------------------------------------------------------------------------------------------------------------------------------------------------------------------------+
; Multiplexer Restructuring Statistics (Restructuring Performed)                                                                                                                           ;
+--------------------+-----------+---------------+----------------------+------------------------+------------+----------------------------------------------------------------------------+
; Multiplexer Inputs ; Bus Width ; Baseline Area ; Area if Restructured ; Saving if Restructured ; Registered ; Example Multiplexer Output                                                 ;
+--------------------+-----------+---------------+----------------------+------------------------+------------+----------------------------------------------------------------------------+
; 3:1                ; 8 bits    ; 16 LEs        ; 16 LEs               ; 0 LEs                  ; Yes        ; |computador|CPU:CPU|registradorGenerico:REG_A|DOUT[2]                      ;
; 4:1                ; 9 bits    ; 18 LEs        ; 18 LEs               ; 0 LEs                  ; Yes        ; |computador|CPU:CPU|proxima_instrucao:INSTR|registradorGenerico:PC|DOUT[2] ;
; 3:1                ; 3 bits    ; 6 LEs         ; 6 LEs                ; 0 LEs                  ; No         ; |computador|CPU:CPU|decoder:DECODER|OP_ULA[0]                              ;
; 3:1                ; 7 bits    ; 14 LEs        ; 14 LEs               ; 0 LEs                  ; No         ; |computador|CPU:CPU|muxGenerico2x1:MUX1|saida_MUX[5]                       ;
; 5:1                ; 3 bits    ; 9 LEs         ; 9 LEs                ; 0 LEs                  ; No         ; |computador|CPU:CPU|decoder:DECODER|HAB_FLAG                               ;
+--------------------+-----------+---------------+----------------------+------------------------+------------+----------------------------------------------------------------------------+


+----------------------------------------------------------------------------+
; Parameter Settings for User Entity Instance: Top-level Entity: |computador ;
+----------------+-------+---------------------------------------------------+
; Parameter Name ; Value ; Type                                              ;
+----------------+-------+---------------------------------------------------+
; larguraDados   ; 8     ; Signed Integer                                    ;
; simulacao      ; true  ; Enumerated                                        ;
+----------------+-------+---------------------------------------------------+
Note: In order to hide this table in the UI and the text report file, please set the "Show Parameter Settings in Synthesis Report" option in "Analysis and Synthesis Settings -> More Settings" to "Off".


+------------------------------------------------------+
; Parameter Settings for User Entity Instance: CPU:CPU ;
+----------------+-------+-----------------------------+
; Parameter Name ; Value ; Type                        ;
+----------------+-------+-----------------------------+
; larguradados   ; 8     ; Signed Integer              ;
; simulacao      ; true  ; Enumerated                  ;
+----------------+-------+-----------------------------+
Note: In order to hide this table in the UI and the text report file, please set the "Show Parameter Settings in Synthesis Report" option in "Analysis and Synthesis Settings -> More Settings" to "Off".


+--------------------------------------------------------------------------+
; Parameter Settings for User Entity Instance: CPU:CPU|muxGenerico2x1:MUX1 ;
+----------------+-------+-------------------------------------------------+
; Parameter Name ; Value ; Type                                            ;
+----------------+-------+-------------------------------------------------+
; larguradados   ; 8     ; Signed Integer                                  ;
+----------------+-------+-------------------------------------------------+
Note: In order to hide this table in the UI and the text report file, please set the "Show Parameter Settings in Synthesis Report" option in "Analysis and Synthesis Settings -> More Settings" to "Off".


+--------------------------------------------------------------------------------+
; Parameter Settings for User Entity Instance: CPU:CPU|registradorGenerico:REG_A ;
+----------------+-------+-------------------------------------------------------+
; Parameter Name ; Value ; Type                                                  ;
+----------------+-------+-------------------------------------------------------+
; larguradados   ; 8     ; Signed Integer                                        ;
+----------------+-------+-------------------------------------------------------+
Note: In order to hide this table in the UI and the text report file, please set the "Show Parameter Settings in Synthesis Report" option in "Analysis and Synthesis Settings -> More Settings" to "Off".


+----------------------------------------------------------------------+
; Parameter Settings for User Entity Instance: CPU:CPU|ULASomaSub:ULA1 ;
+----------------+-------+---------------------------------------------+
; Parameter Name ; Value ; Type                                        ;
+----------------+-------+---------------------------------------------+
; larguradados   ; 8     ; Signed Integer                              ;
+----------------+-------+---------------------------------------------+
Note: In order to hide this table in the UI and the text report file, please set the "Show Parameter Settings in Synthesis Report" option in "Analysis and Synthesis Settings -> More Settings" to "Off".


+----------------------------------------------------------------------+
; Parameter Settings for User Entity Instance: CPU:CPU|decoder:DECODER ;
+----------------+-------+---------------------------------------------+
; Parameter Name ; Value ; Type                                        ;
+----------------+-------+---------------------------------------------+
; data_width     ; 4     ; Signed Integer                              ;
+----------------+-------+---------------------------------------------+
Note: In order to hide this table in the UI and the text report file, please set the "Show Parameter Settings in Synthesis Report" option in "Analysis and Synthesis Settings -> More Settings" to "Off".


+------------------------------------------------------------------------------+
; Parameter Settings for User Entity Instance: CPU:CPU|proxima_instrucao:INSTR ;
+----------------+-------+-----------------------------------------------------+
; Parameter Name ; Value ; Type                                                ;
+----------------+-------+-----------------------------------------------------+
; data_width     ; 8     ; Signed Integer                                      ;
+----------------+-------+-----------------------------------------------------+
Note: In order to hide this table in the UI and the text report file, please set the "Show Parameter Settings in Synthesis Report" option in "Analysis and Synthesis Settings -> More Settings" to "Off".


+-----------------------------------------------------------------------------------------------------+
; Parameter Settings for User Entity Instance: CPU:CPU|proxima_instrucao:INSTR|registradorGenerico:PC ;
+----------------+-------+----------------------------------------------------------------------------+
; Parameter Name ; Value ; Type                                                                       ;
+----------------+-------+----------------------------------------------------------------------------+
; larguradados   ; 9     ; Signed Integer                                                             ;
+----------------+-------+----------------------------------------------------------------------------+
Note: In order to hide this table in the UI and the text report file, please set the "Show Parameter Settings in Synthesis Report" option in "Analysis and Synthesis Settings -> More Settings" to "Off".


+--------------------------------------------------------------------------------------------------------+
; Parameter Settings for User Entity Instance: CPU:CPU|proxima_instrucao:INSTR|soma_constante:SOMA_CONST ;
+----------------+-------+-------------------------------------------------------------------------------+
; Parameter Name ; Value ; Type                                                                          ;
+----------------+-------+-------------------------------------------------------------------------------+
; data_width     ; 9     ; Signed Integer                                                                ;
; const          ; 1     ; Signed Integer                                                                ;
+----------------+-------+-------------------------------------------------------------------------------+
Note: In order to hide this table in the UI and the text report file, please set the "Show Parameter Settings in Synthesis Report" option in "Analysis and Synthesis Settings -> More Settings" to "Off".


+--------------------------------------------------------------------------------------------------------------+
; Parameter Settings for User Entity Instance: CPU:CPU|proxima_instrucao:INSTR|registradorGenerico:END_RETORNO ;
+----------------+-------+-------------------------------------------------------------------------------------+
; Parameter Name ; Value ; Type                                                                                ;
+----------------+-------+-------------------------------------------------------------------------------------+
; larguradados   ; 9     ; Signed Integer                                                                      ;
+----------------+-------+-------------------------------------------------------------------------------------+
Note: In order to hide this table in the UI and the text report file, please set the "Show Parameter Settings in Synthesis Report" option in "Analysis and Synthesis Settings -> More Settings" to "Off".


+--------------------------------------------------------------------------------------------------+
; Parameter Settings for User Entity Instance: CPU:CPU|proxima_instrucao:INSTR|muxGenerico4x1:MUX2 ;
+----------------+-------+-------------------------------------------------------------------------+
; Parameter Name ; Value ; Type                                                                    ;
+----------------+-------+-------------------------------------------------------------------------+
; larguradados   ; 9     ; Signed Integer                                                          ;
+----------------+-------+-------------------------------------------------------------------------+
Note: In order to hide this table in the UI and the text report file, please set the "Show Parameter Settings in Synthesis Report" option in "Analysis and Synthesis Settings -> More Settings" to "Off".


+-------------------------------------------------------------+
; Parameter Settings for User Entity Instance: memoriaRAM:RAM ;
+----------------+-------+------------------------------------+
; Parameter Name ; Value ; Type                               ;
+----------------+-------+------------------------------------+
; datawidth      ; 8     ; Signed Integer                     ;
; addrwidth      ; 6     ; Signed Integer                     ;
+----------------+-------+------------------------------------+
Note: In order to hide this table in the UI and the text report file, please set the "Show Parameter Settings in Synthesis Report" option in "Analysis and Synthesis Settings -> More Settings" to "Off".


+-------------------------------------------------------------+
; Parameter Settings for User Entity Instance: memoriaROM:ROM ;
+----------------+-------+------------------------------------+
; Parameter Name ; Value ; Type                               ;
+----------------+-------+------------------------------------+
; datawidth      ; 13    ; Signed Integer                     ;
; addrwidth      ; 9     ; Signed Integer                     ;
+----------------+-------+------------------------------------+
Note: In order to hide this table in the UI and the text report file, please set the "Show Parameter Settings in Synthesis Report" option in "Analysis and Synthesis Settings -> More Settings" to "Off".


+----------------------------------------------------------+
; Parameter Settings for User Entity Instance: led_r:LED_R ;
+----------------+-------+---------------------------------+
; Parameter Name ; Value ; Type                            ;
+----------------+-------+---------------------------------+
; data_width     ; 8     ; Signed Integer                  ;
+----------------+-------+---------------------------------+
Note: In order to hide this table in the UI and the text report file, please set the "Show Parameter Settings in Synthesis Report" option in "Analysis and Synthesis Settings -> More Settings" to "Off".


+----------------------------------------------------------------------------------------+
; Parameter Settings for User Entity Instance: led_r:LED_R|registradorGenerico:REG_8bits ;
+----------------+-------+---------------------------------------------------------------+
; Parameter Name ; Value ; Type                                                          ;
+----------------+-------+---------------------------------------------------------------+
; larguradados   ; 8     ; Signed Integer                                                ;
+----------------+-------+---------------------------------------------------------------+
Note: In order to hide this table in the UI and the text report file, please set the "Show Parameter Settings in Synthesis Report" option in "Analysis and Synthesis Settings -> More Settings" to "Off".


+--------------------------------------------------------------------------------------------------+
; Parameter Settings for User Entity Instance: d7segHex:HEX0_DECODER|registradorGenerico:REG_4bits ;
+----------------+-------+-------------------------------------------------------------------------+
; Parameter Name ; Value ; Type                                                                    ;
+----------------+-------+-------------------------------------------------------------------------+
; larguradados   ; 4     ; Signed Integer                                                          ;
+----------------+-------+-------------------------------------------------------------------------+
Note: In order to hide this table in the UI and the text report file, please set the "Show Parameter Settings in Synthesis Report" option in "Analysis and Synthesis Settings -> More Settings" to "Off".


+--------------------------------------------------------------------------------------------------+
; Parameter Settings for User Entity Instance: d7segHex:HEX1_DECODER|registradorGenerico:REG_4bits ;
+----------------+-------+-------------------------------------------------------------------------+
; Parameter Name ; Value ; Type                                                                    ;
+----------------+-------+-------------------------------------------------------------------------+
; larguradados   ; 4     ; Signed Integer                                                          ;
+----------------+-------+-------------------------------------------------------------------------+
Note: In order to hide this table in the UI and the text report file, please set the "Show Parameter Settings in Synthesis Report" option in "Analysis and Synthesis Settings -> More Settings" to "Off".


+--------------------------------------------------------------------------------------------------+
; Parameter Settings for User Entity Instance: d7segHex:HEX2_DECODER|registradorGenerico:REG_4bits ;
+----------------+-------+-------------------------------------------------------------------------+
; Parameter Name ; Value ; Type                                                                    ;
+----------------+-------+-------------------------------------------------------------------------+
; larguradados   ; 4     ; Signed Integer                                                          ;
+----------------+-------+-------------------------------------------------------------------------+
Note: In order to hide this table in the UI and the text report file, please set the "Show Parameter Settings in Synthesis Report" option in "Analysis and Synthesis Settings -> More Settings" to "Off".


+--------------------------------------------------------------------------------------------------+
; Parameter Settings for User Entity Instance: d7segHex:HEX3_DECODER|registradorGenerico:REG_4bits ;
+----------------+-------+-------------------------------------------------------------------------+
; Parameter Name ; Value ; Type                                                                    ;
+----------------+-------+-------------------------------------------------------------------------+
; larguradados   ; 4     ; Signed Integer                                                          ;
+----------------+-------+-------------------------------------------------------------------------+
Note: In order to hide this table in the UI and the text report file, please set the "Show Parameter Settings in Synthesis Report" option in "Analysis and Synthesis Settings -> More Settings" to "Off".


+--------------------------------------------------------------------------------------------------+
; Parameter Settings for User Entity Instance: d7segHex:HEX4_DECODER|registradorGenerico:REG_4bits ;
+----------------+-------+-------------------------------------------------------------------------+
; Parameter Name ; Value ; Type                                                                    ;
+----------------+-------+-------------------------------------------------------------------------+
; larguradados   ; 4     ; Signed Integer                                                          ;
+----------------+-------+-------------------------------------------------------------------------+
Note: In order to hide this table in the UI and the text report file, please set the "Show Parameter Settings in Synthesis Report" option in "Analysis and Synthesis Settings -> More Settings" to "Off".


+--------------------------------------------------------------------------------------------------+
; Parameter Settings for User Entity Instance: d7segHex:HEX5_DECODER|registradorGenerico:REG_4bits ;
+----------------+-------+-------------------------------------------------------------------------+
; Parameter Name ; Value ; Type                                                                    ;
+----------------+-------+-------------------------------------------------------------------------+
; larguradados   ; 4     ; Signed Integer                                                          ;
+----------------+-------+-------------------------------------------------------------------------+
Note: In order to hide this table in the UI and the text report file, please set the "Show Parameter Settings in Synthesis Report" option in "Analysis and Synthesis Settings -> More Settings" to "Off".


+---------------------------------------------------------------+
; Parameter Settings for User Entity Instance: buffer3state:SWR ;
+----------------+-------+--------------------------------------+
; Parameter Name ; Value ; Type                                 ;
+----------------+-------+--------------------------------------+
; data_width     ; 8     ; Signed Integer                       ;
+----------------+-------+--------------------------------------+
Note: In order to hide this table in the UI and the text report file, please set the "Show Parameter Settings in Synthesis Report" option in "Analysis and Synthesis Settings -> More Settings" to "Off".


+---------------------------------------------------------------+
; Parameter Settings for User Entity Instance: buffer3state:SW8 ;
+----------------+-------+--------------------------------------+
; Parameter Name ; Value ; Type                                 ;
+----------------+-------+--------------------------------------+
; data_width     ; 1     ; Signed Integer                       ;
+----------------+-------+--------------------------------------+
Note: In order to hide this table in the UI and the text report file, please set the "Show Parameter Settings in Synthesis Report" option in "Analysis and Synthesis Settings -> More Settings" to "Off".


+---------------------------------------------------------------+
; Parameter Settings for User Entity Instance: buffer3state:SW9 ;
+----------------+-------+--------------------------------------+
; Parameter Name ; Value ; Type                                 ;
+----------------+-------+--------------------------------------+
; data_width     ; 1     ; Signed Integer                       ;
+----------------+-------+--------------------------------------+
Note: In order to hide this table in the UI and the text report file, please set the "Show Parameter Settings in Synthesis Report" option in "Analysis and Synthesis Settings -> More Settings" to "Off".


+------------------------------------------------------------------------------------+
; Parameter Settings for User Entity Instance: buffer3state:KEY0_INTERFACE_EXISTENTE ;
+----------------+-------+-----------------------------------------------------------+
; Parameter Name ; Value ; Type                                                      ;
+----------------+-------+-----------------------------------------------------------+
; data_width     ; 1     ; Signed Integer                                            ;
+----------------+-------+-----------------------------------------------------------+
Note: In order to hide this table in the UI and the text report file, please set the "Show Parameter Settings in Synthesis Report" option in "Analysis and Synthesis Settings -> More Settings" to "Off".


+----------------------------------------------------------------+
; Parameter Settings for User Entity Instance: buffer3state:KEY1 ;
+----------------+-------+---------------------------------------+
; Parameter Name ; Value ; Type                                  ;
+----------------+-------+---------------------------------------+
; data_width     ; 1     ; Signed Integer                        ;
+----------------+-------+---------------------------------------+
Note: In order to hide this table in the UI and the text report file, please set the "Show Parameter Settings in Synthesis Report" option in "Analysis and Synthesis Settings -> More Settings" to "Off".


+----------------------------------------------------------------+
; Parameter Settings for User Entity Instance: buffer3state:KEY2 ;
+----------------+-------+---------------------------------------+
; Parameter Name ; Value ; Type                                  ;
+----------------+-------+---------------------------------------+
; data_width     ; 1     ; Signed Integer                        ;
+----------------+-------+---------------------------------------+
Note: In order to hide this table in the UI and the text report file, please set the "Show Parameter Settings in Synthesis Report" option in "Analysis and Synthesis Settings -> More Settings" to "Off".


+----------------------------------------------------------------+
; Parameter Settings for User Entity Instance: buffer3state:KEY3 ;
+----------------+-------+---------------------------------------+
; Parameter Name ; Value ; Type                                  ;
+----------------+-------+---------------------------------------+
; data_width     ; 1     ; Signed Integer                        ;
+----------------+-------+---------------------------------------+
Note: In order to hide this table in the UI and the text report file, please set the "Show Parameter Settings in Synthesis Report" option in "Analysis and Synthesis Settings -> More Settings" to "Off".


+--------------------------------------------------------------------+
; Parameter Settings for User Entity Instance: buffer3state:RST_FPGA ;
+----------------+-------+-------------------------------------------+
; Parameter Name ; Value ; Type                                      ;
+----------------+-------+-------------------------------------------+
; data_width     ; 1     ; Signed Integer                            ;
+----------------+-------+-------------------------------------------+
Note: In order to hide this table in the UI and the text report file, please set the "Show Parameter Settings in Synthesis Report" option in "Analysis and Synthesis Settings -> More Settings" to "Off".


+-----------------------------------------------------------+
; Port Connectivity Checks: "flipflopGenerico:FF_DEBOUNCER" ;
+--------+-------+----------+-------------------------------+
; Port   ; Type  ; Severity ; Details                       ;
+--------+-------+----------+-------------------------------+
; din    ; Input ; Info     ; Stuck at VCC                  ;
; enable ; Input ; Info     ; Stuck at VCC                  ;
+--------+-------+----------+-------------------------------+


+---------------------------------------------------------------------------------+
; Port Connectivity Checks: "d7segHex:HEX0_DECODER|conversorHex7Seg:DECODER_7seg" ;
+----------+-------+----------+---------------------------------------------------+
; Port     ; Type  ; Severity ; Details                                           ;
+----------+-------+----------+---------------------------------------------------+
; apaga    ; Input ; Info     ; Stuck at GND                                      ;
; negativo ; Input ; Info     ; Stuck at GND                                      ;
; overflow ; Input ; Info     ; Stuck at GND                                      ;
+----------+-------+----------+---------------------------------------------------+


+---------------------------------------------------------------------------------+
; Port Connectivity Checks: "d7segHex:HEX0_DECODER|registradorGenerico:REG_4bits" ;
+------+-------+----------+-------------------------------------------------------+
; Port ; Type  ; Severity ; Details                                               ;
+------+-------+----------+-------------------------------------------------------+
; rst  ; Input ; Info     ; Stuck at GND                                          ;
+------+-------+----------+-------------------------------------------------------+


+------------------------------------------------------------------+
; Port Connectivity Checks: "led_solo:LED8|flipflopGenerico:FLIPS" ;
+------+-------+----------+----------------------------------------+
; Port ; Type  ; Severity ; Details                                ;
+------+-------+----------+----------------------------------------+
; rst  ; Input ; Info     ; Stuck at GND                           ;
+------+-------+----------+----------------------------------------+


+-----------------------------------------------------------------------+
; Port Connectivity Checks: "led_r:LED_R|registradorGenerico:REG_8bits" ;
+------+-------+----------+---------------------------------------------+
; Port ; Type  ; Severity ; Details                                     ;
+------+-------+----------+---------------------------------------------+
; rst  ; Input ; Info     ; Stuck at GND                                ;
+------+-------+----------+---------------------------------------------+


+-----------------------------------------------------------------------------------------------------------------------+
; Port Connectivity Checks: "decoder3x8:DECODER_ADDR"                                                                   ;
+-------------+--------+----------+-------------------------------------------------------------------------------------+
; Port        ; Type   ; Severity ; Details                                                                             ;
+-------------+--------+----------+-------------------------------------------------------------------------------------+
; saida[7..6] ; Output ; Info     ; Connected to dangling logic. Logic that only feeds a dangling port will be removed. ;
+-------------+--------+----------+-------------------------------------------------------------------------------------+


+-----------------------------------------------------------------------------------------------------------------------+
; Port Connectivity Checks: "decoder3x8:DECODER_BLOCKS"                                                                 ;
+-------------+--------+----------+-------------------------------------------------------------------------------------+
; Port        ; Type   ; Severity ; Details                                                                             ;
+-------------+--------+----------+-------------------------------------------------------------------------------------+
; saida[7..6] ; Output ; Info     ; Connected to dangling logic. Logic that only feeds a dangling port will be removed. ;
; saida[3..1] ; Output ; Info     ; Connected to dangling logic. Logic that only feeds a dangling port will be removed. ;
+-------------+--------+----------+-------------------------------------------------------------------------------------+


+---------------------------------------------------------------------------------+
; Port Connectivity Checks: "CPU:CPU|proxima_instrucao:INSTR|muxGenerico4x1:MUX2" ;
+------+-------+----------+-------------------------------------------------------+
; Port ; Type  ; Severity ; Details                                               ;
+------+-------+----------+-------------------------------------------------------+
; e3   ; Input ; Info     ; Stuck at GND                                          ;
+------+-------+----------+-------------------------------------------------------+


+---------------------------------------------------------------------------------------------+
; Port Connectivity Checks: "CPU:CPU|proxima_instrucao:INSTR|registradorGenerico:END_RETORNO" ;
+------+-------+----------+-------------------------------------------------------------------+
; Port ; Type  ; Severity ; Details                                                           ;
+------+-------+----------+-------------------------------------------------------------------+
; rst  ; Input ; Info     ; Stuck at GND                                                      ;
+------+-------+----------+-------------------------------------------------------------------+


+------------------------------------------------------------------------------------+
; Port Connectivity Checks: "CPU:CPU|proxima_instrucao:INSTR|registradorGenerico:PC" ;
+--------+-------+----------+--------------------------------------------------------+
; Port   ; Type  ; Severity ; Details                                                ;
+--------+-------+----------+--------------------------------------------------------+
; enable ; Input ; Info     ; Stuck at VCC                                           ;
+--------+-------+----------+--------------------------------------------------------+


+-------------------------------------------------------------+
; Port Connectivity Checks: "CPU:CPU|proxima_instrucao:INSTR" ;
+-------+-------+----------+----------------------------------+
; Port  ; Type  ; Severity ; Details                          ;
+-------+-------+----------+----------------------------------+
; reset ; Input ; Info     ; Stuck at GND                     ;
+-------+-------+----------+----------------------------------+


+-----------------------------------------------------------+
; Port Connectivity Checks: "CPU:CPU|flipflopGenerico:FLAG" ;
+------+-------+----------+---------------------------------+
; Port ; Type  ; Severity ; Details                         ;
+------+-------+----------+---------------------------------+
; rst  ; Input ; Info     ; Stuck at GND                    ;
+------+-------+----------+---------------------------------+


+---------------------------------------------------------------+
; Port Connectivity Checks: "CPU:CPU|registradorGenerico:REG_A" ;
+------+-------+----------+-------------------------------------+
; Port ; Type  ; Severity ; Details                             ;
+------+-------+----------+-------------------------------------+
; rst  ; Input ; Info     ; Stuck at GND                        ;
+------+-------+----------+-------------------------------------+


+-----------------------------------------+
; Port Connectivity Checks: "CPU:CPU"     ;
+-------+-------+----------+--------------+
; Port  ; Type  ; Severity ; Details      ;
+-------+-------+----------+--------------+
; reset ; Input ; Info     ; Stuck at GND ;
+-------+-------+----------+--------------+


+-----------------------------------------------------+
; Post-Synthesis Netlist Statistics for Top Partition ;
+-----------------------+-----------------------------+
; Type                  ; Count                       ;
+-----------------------+-----------------------------+
; arriav_ff             ; 575                         ;
;     CLR               ; 1                           ;
;     ENA               ; 553                         ;
;     ENA SLD           ; 8                           ;
;     plain             ; 13                          ;
; arriav_lcell_comb     ; 454                         ;
;     arith             ; 26                          ;
;         0 data inputs ; 1                           ;
;         1 data inputs ; 9                           ;
;         2 data inputs ; 6                           ;
;         5 data inputs ; 10                          ;
;     extend            ; 1                           ;
;         7 data inputs ; 1                           ;
;     normal            ; 427                         ;
;         1 data inputs ; 1                           ;
;         2 data inputs ; 72                          ;
;         3 data inputs ; 17                          ;
;         4 data inputs ; 60                          ;
;         5 data inputs ; 21                          ;
;         6 data inputs ; 256                         ;
; boundary_port         ; 68                          ;
;                       ;                             ;
; Max LUT depth         ; 9.30                        ;
; Average LUT depth     ; 6.08                        ;
+-----------------------+-----------------------------+


+-------------------------------+
; Elapsed Time Per Partition    ;
+----------------+--------------+
; Partition Name ; Elapsed Time ;
+----------------+--------------+
; Top            ; 00:00:01     ;
+----------------+--------------+


+-------------------------------+
; Analysis & Synthesis Messages ;
+-------------------------------+
Info: *******************************************************************
Info: Running Quartus Prime Analysis & Synthesis
    Info: Version 20.1.0 Build 711 06/05/2020 SJ Lite Edition
    Info: Processing started: Wed Sep 29 21:07:02 2021
Info: Command: quartus_map --read_settings_files=on --write_settings_files=off computador -c computador
Info (20030): Parallel compilation is enabled and will use 4 of the 4 processors detected
Info (12021): Found 3 design units, including 1 entities, in source file edgedetector.vhd
    Info (12022): Found design unit 1: edgeDetector-bordaSubida File: C:/Users/elm_t/Documents/grad/descomp/atividades/aula_08/edgeDetector.vhd Line: 10
    Info (12022): Found design unit 2: edgeDetector-bordaDescida File: C:/Users/elm_t/Documents/grad/descomp/atividades/aula_08/edgeDetector.vhd Line: 23
    Info (12023): Found entity 1: edgeDetector File: C:/Users/elm_t/Documents/grad/descomp/atividades/aula_08/edgeDetector.vhd Line: 4
Info (12021): Found 2 design units, including 1 entities, in source file ulasomasub.vhd
    Info (12022): Found design unit 1: ULASomaSub-comportamento File: C:/Users/elm_t/Documents/grad/descomp/atividades/aula_08/ULASomaSub.vhd Line: 15
    Info (12023): Found entity 1: ULASomaSub File: C:/Users/elm_t/Documents/grad/descomp/atividades/aula_08/ULASomaSub.vhd Line: 5
Info (12021): Found 2 design units, including 1 entities, in source file soma_constante.vhd
    Info (12022): Found design unit 1: soma_constante-comportamento File: C:/Users/elm_t/Documents/grad/descomp/atividades/aula_08/soma_constante.vhd Line: 18
    Info (12023): Found entity 1: soma_constante File: C:/Users/elm_t/Documents/grad/descomp/atividades/aula_08/soma_constante.vhd Line: 5
Info (12021): Found 2 design units, including 1 entities, in source file registradorgenerico.vhd
    Info (12022): Found design unit 1: registradorGenerico-comportamento File: C:/Users/elm_t/Documents/grad/descomp/atividades/aula_08/registradorGenerico.vhd Line: 16
    Info (12023): Found entity 1: registradorGenerico File: C:/Users/elm_t/Documents/grad/descomp/atividades/aula_08/registradorGenerico.vhd Line: 4
Info (12021): Found 2 design units, including 1 entities, in source file proxima_instrucao.vhd
    Info (12022): Found design unit 1: proxima_instrucao-arch_name File: C:/Users/elm_t/Documents/grad/descomp/atividades/aula_08/proxima_instrucao.vhd Line: 18
    Info (12023): Found entity 1: proxima_instrucao File: C:/Users/elm_t/Documents/grad/descomp/atividades/aula_08/proxima_instrucao.vhd Line: 5
Info (12021): Found 2 design units, including 1 entities, in source file muxgenerico2x1.vhd
    Info (12022): Found design unit 1: muxGenerico2x1-comportamento File: C:/Users/elm_t/Documents/grad/descomp/atividades/aula_08/muxGenerico2x1.vhd Line: 15
    Info (12023): Found entity 1: muxGenerico2x1 File: C:/Users/elm_t/Documents/grad/descomp/atividades/aula_08/muxGenerico2x1.vhd Line: 5
Info (12021): Found 2 design units, including 1 entities, in source file memoriarom.vhd
    Info (12022): Found design unit 1: memoriaROM-assincrona File: C:/Users/elm_t/Documents/grad/descomp/atividades/aula_08/memoriaROM.vhd Line: 18
    Info (12023): Found entity 1: memoriaROM File: C:/Users/elm_t/Documents/grad/descomp/atividades/aula_08/memoriaROM.vhd Line: 7
Info (12021): Found 2 design units, including 1 entities, in source file memoriaram.vhd
    Info (12022): Found design unit 1: memoriaRAM-rtl File: C:/Users/elm_t/Documents/grad/descomp/atividades/aula_08/memoriaRAM.vhd Line: 21
    Info (12023): Found entity 1: memoriaRAM File: C:/Users/elm_t/Documents/grad/descomp/atividades/aula_08/memoriaRAM.vhd Line: 5
Info (12021): Found 2 design units, including 1 entities, in source file decoder.vhd
    Info (12022): Found design unit 1: decoder-arch_name File: C:/Users/elm_t/Documents/grad/descomp/atividades/aula_08/decoder.vhd Line: 29
    Info (12023): Found entity 1: decoder File: C:/Users/elm_t/Documents/grad/descomp/atividades/aula_08/decoder.vhd Line: 7
Info (12021): Found 1 design units, including 0 entities, in source file computer_constants.vhd
    Info (12022): Found design unit 1: controls File: C:/Users/elm_t/Documents/grad/descomp/atividades/aula_08/computer_constants.vhd Line: 4
Info (12021): Found 2 design units, including 1 entities, in source file computador.vhd
    Info (12022): Found design unit 1: computador-arquitetura File: C:/Users/elm_t/Documents/grad/descomp/atividades/aula_08/computador.vhd Line: 78
    Info (12023): Found entity 1: computador File: C:/Users/elm_t/Documents/grad/descomp/atividades/aula_08/computador.vhd Line: 43
Info (12021): Found 2 design units, including 1 entities, in source file logica_desvio.vhd
    Info (12022): Found design unit 1: logica_desvio-arch_name File: C:/Users/elm_t/Documents/grad/descomp/atividades/aula_08/logica_desvio.vhd Line: 15
    Info (12023): Found entity 1: logica_desvio File: C:/Users/elm_t/Documents/grad/descomp/atividades/aula_08/logica_desvio.vhd Line: 4
Info (12021): Found 2 design units, including 1 entities, in source file flipflopgenerico.vhd
    Info (12022): Found design unit 1: flipflopGenerico-comportamento File: C:/Users/elm_t/Documents/grad/descomp/atividades/aula_08/flipflopGenerico.vhd Line: 13
    Info (12023): Found entity 1: flipflopGenerico File: C:/Users/elm_t/Documents/grad/descomp/atividades/aula_08/flipflopGenerico.vhd Line: 4
Info (12021): Found 2 design units, including 1 entities, in source file muxgenerico4x1.vhd
    Info (12022): Found design unit 1: muxGenerico4x1-arch_name File: C:/Users/elm_t/Documents/grad/descomp/atividades/aula_08/muxGenerico4x1.vhd Line: 13
    Info (12023): Found entity 1: muxGenerico4x1 File: C:/Users/elm_t/Documents/grad/descomp/atividades/aula_08/muxGenerico4x1.vhd Line: 4
Info (12021): Found 2 design units, including 1 entities, in source file cpu.vhd
    Info (12022): Found design unit 1: CPU-arquitetura File: C:/Users/elm_t/Documents/grad/descomp/atividades/aula_08/CPU.vhd Line: 24
    Info (12023): Found entity 1: CPU File: C:/Users/elm_t/Documents/grad/descomp/atividades/aula_08/CPU.vhd Line: 4
Info (12021): Found 2 design units, including 1 entities, in source file decoder1.vhd
    Info (12022): Found design unit 1: decoder3x8-arch_name File: C:/Users/elm_t/Documents/grad/descomp/atividades/aula_08/decoder1.vhd Line: 13
    Info (12023): Found entity 1: decoder3x8 File: C:/Users/elm_t/Documents/grad/descomp/atividades/aula_08/decoder1.vhd Line: 5
Info (12021): Found 2 design units, including 1 entities, in source file led_r.vhd
    Info (12022): Found design unit 1: led_r-arch_name File: C:/Users/elm_t/Documents/grad/descomp/atividades/aula_08/led_r.vhd Line: 17
    Info (12023): Found entity 1: led_r File: C:/Users/elm_t/Documents/grad/descomp/atividades/aula_08/led_r.vhd Line: 5
Info (12021): Found 2 design units, including 1 entities, in source file led_solo.vhd
    Info (12022): Found design unit 1: led_solo-arch_name File: C:/Users/elm_t/Documents/grad/descomp/atividades/aula_08/led_solo.vhd Line: 16
    Info (12023): Found entity 1: led_solo File: C:/Users/elm_t/Documents/grad/descomp/atividades/aula_08/led_solo.vhd Line: 5
Info (12021): Found 2 design units, including 1 entities, in source file conversorhex7seg.vhd
    Info (12022): Found design unit 1: conversorHex7Seg-comportamento File: C:/Users/elm_t/Documents/grad/descomp/atividades/aula_08/conversorHex7Seg.vhd Line: 17
    Info (12023): Found entity 1: conversorHex7Seg File: C:/Users/elm_t/Documents/grad/descomp/atividades/aula_08/conversorHex7Seg.vhd Line: 4
Info (12021): Found 2 design units, including 1 entities, in source file d7seghex.vhd
    Info (12022): Found design unit 1: d7segHex-arch_name File: C:/Users/elm_t/Documents/grad/descomp/atividades/aula_08/d7segHex.vhd Line: 26
    Info (12023): Found entity 1: d7segHex File: C:/Users/elm_t/Documents/grad/descomp/atividades/aula_08/d7segHex.vhd Line: 14
Info (12021): Found 2 design units, including 1 entities, in source file buffer3state.vhd
    Info (12022): Found design unit 1: buffer3state-arch_name File: C:/Users/elm_t/Documents/grad/descomp/atividades/aula_08/buffer3state.vhd Line: 18
    Info (12023): Found entity 1: buffer3state File: C:/Users/elm_t/Documents/grad/descomp/atividades/aula_08/buffer3state.vhd Line: 4
Info (12127): Elaborating entity "computador" for the top level hierarchy
Info (12129): Elaborating entity "edgeDetector" using architecture "A:bordasubida" for hierarchy "edgeDetector:detectorSub0" File: C:/Users/elm_t/Documents/grad/descomp/atividades/aula_08/computador.vhd Line: 117
Info (12128): Elaborating entity "CPU" for hierarchy "CPU:CPU" File: C:/Users/elm_t/Documents/grad/descomp/atividades/aula_08/computador.vhd Line: 136
Info (12128): Elaborating entity "muxGenerico2x1" for hierarchy "CPU:CPU|muxGenerico2x1:MUX1" File: C:/Users/elm_t/Documents/grad/descomp/atividades/aula_08/CPU.vhd Line: 52
Info (12128): Elaborating entity "registradorGenerico" for hierarchy "CPU:CPU|registradorGenerico:REG_A" File: C:/Users/elm_t/Documents/grad/descomp/atividades/aula_08/CPU.vhd Line: 62
Info (12128): Elaborating entity "ULASomaSub" for hierarchy "CPU:CPU|ULASomaSub:ULA1" File: C:/Users/elm_t/Documents/grad/descomp/atividades/aula_08/CPU.vhd Line: 73
Info (12128): Elaborating entity "flipflopGenerico" for hierarchy "CPU:CPU|flipflopGenerico:FLAG" File: C:/Users/elm_t/Documents/grad/descomp/atividades/aula_08/CPU.vhd Line: 84
Info (12128): Elaborating entity "decoder" for hierarchy "CPU:CPU|decoder:DECODER" File: C:/Users/elm_t/Documents/grad/descomp/atividades/aula_08/CPU.vhd Line: 97
Info (12128): Elaborating entity "logica_desvio" for hierarchy "CPU:CPU|logica_desvio:LOG_DESVIO" File: C:/Users/elm_t/Documents/grad/descomp/atividades/aula_08/CPU.vhd Line: 114
Info (12128): Elaborating entity "proxima_instrucao" for hierarchy "CPU:CPU|proxima_instrucao:INSTR" File: C:/Users/elm_t/Documents/grad/descomp/atividades/aula_08/CPU.vhd Line: 125
Info (12128): Elaborating entity "registradorGenerico" for hierarchy "CPU:CPU|proxima_instrucao:INSTR|registradorGenerico:PC" File: C:/Users/elm_t/Documents/grad/descomp/atividades/aula_08/proxima_instrucao.vhd Line: 31
Info (12128): Elaborating entity "soma_constante" for hierarchy "CPU:CPU|proxima_instrucao:INSTR|soma_constante:SOMA_CONST" File: C:/Users/elm_t/Documents/grad/descomp/atividades/aula_08/proxima_instrucao.vhd Line: 41
Info (12128): Elaborating entity "muxGenerico4x1" for hierarchy "CPU:CPU|proxima_instrucao:INSTR|muxGenerico4x1:MUX2" File: C:/Users/elm_t/Documents/grad/descomp/atividades/aula_08/proxima_instrucao.vhd Line: 60
Info (12128): Elaborating entity "memoriaRAM" for hierarchy "memoriaRAM:RAM" File: C:/Users/elm_t/Documents/grad/descomp/atividades/aula_08/computador.vhd Line: 150
Info (12128): Elaborating entity "memoriaROM" for hierarchy "memoriaROM:ROM" File: C:/Users/elm_t/Documents/grad/descomp/atividades/aula_08/computador.vhd Line: 162
Info (12128): Elaborating entity "decoder3x8" for hierarchy "decoder3x8:DECODER_BLOCKS" File: C:/Users/elm_t/Documents/grad/descomp/atividades/aula_08/computador.vhd Line: 169
Info (12128): Elaborating entity "led_r" for hierarchy "led_r:LED_R" File: C:/Users/elm_t/Documents/grad/descomp/atividades/aula_08/computador.vhd Line: 221
Info (12128): Elaborating entity "led_solo" for hierarchy "led_solo:LED8" File: C:/Users/elm_t/Documents/grad/descomp/atividades/aula_08/computador.vhd Line: 230
Info (12128): Elaborating entity "d7segHex" for hierarchy "d7segHex:HEX0_DECODER" File: C:/Users/elm_t/Documents/grad/descomp/atividades/aula_08/computador.vhd Line: 248
Info (12128): Elaborating entity "registradorGenerico" for hierarchy "d7segHex:HEX0_DECODER|registradorGenerico:REG_4bits" File: C:/Users/elm_t/Documents/grad/descomp/atividades/aula_08/d7segHex.vhd Line: 33
Info (12128): Elaborating entity "conversorHex7Seg" for hierarchy "d7segHex:HEX0_DECODER|conversorHex7Seg:DECODER_7seg" File: C:/Users/elm_t/Documents/grad/descomp/atividades/aula_08/d7segHex.vhd Line: 44
Info (12128): Elaborating entity "buffer3state" for hierarchy "buffer3state:SWR" File: C:/Users/elm_t/Documents/grad/descomp/atividades/aula_08/computador.vhd Line: 302
Info (12128): Elaborating entity "buffer3state" for hierarchy "buffer3state:SW8" File: C:/Users/elm_t/Documents/grad/descomp/atividades/aula_08/computador.vhd Line: 310
Info (276014): Found 1 instances of uninferred RAM logic
    Info (276007): RAM logic "memoriaRAM:RAM|ram" is uninferred due to asynchronous read logic File: C:/Users/elm_t/Documents/grad/descomp/atividades/aula_08/memoriaRAM.vhd Line: 27
Warning (13046): Tri-state node(s) do not directly drive top-level pin(s)
    Warning (13048): Converted tri-state node "READ_BUS[7]" into a selector File: C:/Users/elm_t/Documents/grad/descomp/atividades/aula_08/muxGenerico2x1.vhd Line: 11
    Warning (13048): Converted tri-state node "READ_BUS[6]" into a selector File: C:/Users/elm_t/Documents/grad/descomp/atividades/aula_08/muxGenerico2x1.vhd Line: 11
    Warning (13048): Converted tri-state node "READ_BUS[5]" into a selector File: C:/Users/elm_t/Documents/grad/descomp/atividades/aula_08/muxGenerico2x1.vhd Line: 11
    Warning (13048): Converted tri-state node "READ_BUS[4]" into a selector File: C:/Users/elm_t/Documents/grad/descomp/atividades/aula_08/muxGenerico2x1.vhd Line: 11
    Warning (13048): Converted tri-state node "READ_BUS[3]" into a selector File: C:/Users/elm_t/Documents/grad/descomp/atividades/aula_08/muxGenerico2x1.vhd Line: 11
    Warning (13048): Converted tri-state node "READ_BUS[2]" into a selector File: C:/Users/elm_t/Documents/grad/descomp/atividades/aula_08/muxGenerico2x1.vhd Line: 11
    Warning (13048): Converted tri-state node "READ_BUS[1]" into a selector File: C:/Users/elm_t/Documents/grad/descomp/atividades/aula_08/muxGenerico2x1.vhd Line: 11
    Warning (13048): Converted tri-state node "READ_BUS[0]" into a selector File: C:/Users/elm_t/Documents/grad/descomp/atividades/aula_08/muxGenerico2x1.vhd Line: 11
Info (286030): Timing-Driven Synthesis is running
Info (16010): Generating hard_block partition "hard_block:auto_generated_inst"
    Info (16011): Adding 0 node(s), including 0 DDIO, 0 PLL, 0 transceiver and 0 LCELL
Info (21057): Implemented 1076 device resources after synthesis - the final resource count might be different
    Info (21058): Implemented 16 input pins
    Info (21059): Implemented 52 output pins
    Info (21061): Implemented 1008 logic cells
Info: Quartus Prime Analysis & Synthesis was successful. 0 errors, 9 warnings
    Info: Peak virtual memory: 4853 megabytes
    Info: Processing ended: Wed Sep 29 21:07:12 2021
    Info: Elapsed time: 00:00:10
    Info: Total CPU time (on all processors): 00:00:25


