Analysis & Elaboration report for FD_Aula1
Fri Sep 03 11:38:11 2021
Quartus Prime Version 20.1.0 Build 711 06/05/2020 SJ Lite Edition


---------------------
; Table of Contents ;
---------------------
  1. Legal Notice
  2. Analysis & Elaboration Summary
  3. Parallel Compilation
  4. Analysis & Elaboration Settings
  5. Analysis & Elaboration Messages



----------------
; Legal Notice ;
----------------
Copyright (C) 2020  Intel Corporation. All rights reserved.
Your use of Intel Corporation's design tools, logic functions 
and other software and tools, and any partner logic 
functions, and any output files from any of the foregoing 
(including device programming or simulation files), and any 
associated documentation or information are expressly subject 
to the terms and conditions of the Intel Program License 
Subscription Agreement, the Intel Quartus Prime License Agreement,
the Intel FPGA IP License Agreement, or other applicable license
agreement, including, without limitation, that your use is for
the sole purpose of programming logic devices manufactured by
Intel and sold by Intel or its authorized distributors.  Please
refer to the applicable agreement for further details, at
https://fpgasoftware.intel.com/eula.



+-----------------------------------------------------------------------------+
; Analysis & Elaboration Summary                                              ;
+-------------------------------+---------------------------------------------+
; Analysis & Elaboration Status ; Successful - Fri Sep 03 11:38:11 2021       ;
; Quartus Prime Version         ; 20.1.0 Build 711 06/05/2020 SJ Lite Edition ;
; Revision Name                 ; FD_Aula1                                    ;
; Top-level Entity Name         ; DE0_CV_golden_top                           ;
; Family                        ; Cyclone V                                   ;
; Logic utilization (in ALMs)   ; N/A until Partition Merge                   ;
; Total registers               ; N/A until Partition Merge                   ;
; Total pins                    ; N/A until Partition Merge                   ;
; Total virtual pins            ; N/A until Partition Merge                   ;
; Total block memory bits       ; N/A until Partition Merge                   ;
; Total PLLs                    ; N/A until Partition Merge                   ;
; Total DLLs                    ; N/A until Partition Merge                   ;
+-------------------------------+---------------------------------------------+


+------------------------------------------+
; Parallel Compilation                     ;
+----------------------------+-------------+
; Processors                 ; Number      ;
+----------------------------+-------------+
; Number detected on machine ; 8           ;
; Maximum allowed            ; 4           ;
;                            ;             ;
; Average used               ; 1.00        ;
; Maximum used               ; 1           ;
;                            ;             ;
; Usage by Processor         ; % Time Used ;
;     Processor 1            ; 100.0%      ;
+----------------------------+-------------+


+---------------------------------------------------------------------------------------------------------------------------+
; Analysis & Elaboration Settings                                                                                           ;
+---------------------------------------------------------------------------------+--------------------+--------------------+
; Option                                                                          ; Setting            ; Default Value      ;
+---------------------------------------------------------------------------------+--------------------+--------------------+
; Device                                                                          ; 5CEBA4F23C7        ;                    ;
; Top-level entity name                                                           ; DE0_CV_golden_top  ; FD_Aula1           ;
; Family name                                                                     ; Cyclone V          ; Cyclone V          ;
; VHDL Show LMF Mapping Messages                                                  ; Off                ;                    ;
; VHDL Version                                                                    ; VHDL_2008          ; VHDL_1993          ;
; Optimization Technique                                                          ; Speed              ; Balanced           ;
; Use smart compilation                                                           ; Off                ; Off                ;
; Enable parallel Assembler and Timing Analyzer during compilation                ; On                 ; On                 ;
; Enable compact report table                                                     ; Off                ; Off                ;
; Restructure Multiplexers                                                        ; Auto               ; Auto               ;
; MLAB Add Timing Constraints For Mixed-Port Feed-Through Mode Setting Don't Care ; Off                ; Off                ;
; Create Debugging Nodes for IP Cores                                             ; Off                ; Off                ;
; Preserve fewer node names                                                       ; On                 ; On                 ;
; Intel FPGA IP Evaluation Mode                                                   ; Enable             ; Enable             ;
; Verilog Version                                                                 ; Verilog_2001       ; Verilog_2001       ;
; State Machine Processing                                                        ; Auto               ; Auto               ;
; Safe State Machine                                                              ; Off                ; Off                ;
; Extract Verilog State Machines                                                  ; On                 ; On                 ;
; Extract VHDL State Machines                                                     ; On                 ; On                 ;
; Ignore Verilog initial constructs                                               ; Off                ; Off                ;
; Iteration limit for constant Verilog loops                                      ; 5000               ; 5000               ;
; Iteration limit for non-constant Verilog loops                                  ; 250                ; 250                ;
; Add Pass-Through Logic to Inferred RAMs                                         ; On                 ; On                 ;
; Infer RAMs from Raw Logic                                                       ; On                 ; On                 ;
; Parallel Synthesis                                                              ; On                 ; On                 ;
; DSP Block Balancing                                                             ; Auto               ; Auto               ;
; NOT Gate Push-Back                                                              ; On                 ; On                 ;
; Power-Up Don't Care                                                             ; On                 ; On                 ;
; Remove Redundant Logic Cells                                                    ; Off                ; Off                ;
; Remove Duplicate Registers                                                      ; On                 ; On                 ;
; Ignore CARRY Buffers                                                            ; Off                ; Off                ;
; Ignore CASCADE Buffers                                                          ; Off                ; Off                ;
; Ignore GLOBAL Buffers                                                           ; Off                ; Off                ;
; Ignore ROW GLOBAL Buffers                                                       ; Off                ; Off                ;
; Ignore LCELL Buffers                                                            ; Off                ; Off                ;
; Ignore SOFT Buffers                                                             ; On                 ; On                 ;
; Limit AHDL Integers to 32 Bits                                                  ; Off                ; Off                ;
; Carry Chain Length                                                              ; 70                 ; 70                 ;
; Auto Carry Chains                                                               ; On                 ; On                 ;
; Auto Open-Drain Pins                                                            ; On                 ; On                 ;
; Perform WYSIWYG Primitive Resynthesis                                           ; Off                ; Off                ;
; Auto ROM Replacement                                                            ; On                 ; On                 ;
; Auto RAM Replacement                                                            ; On                 ; On                 ;
; Auto DSP Block Replacement                                                      ; On                 ; On                 ;
; Auto Shift Register Replacement                                                 ; Auto               ; Auto               ;
; Allow Shift Register Merging across Hierarchies                                 ; Auto               ; Auto               ;
; Auto Clock Enable Replacement                                                   ; On                 ; On                 ;
; Strict RAM Replacement                                                          ; Off                ; Off                ;
; Allow Synchronous Control Signals                                               ; On                 ; On                 ;
; Force Use of Synchronous Clear Signals                                          ; Off                ; Off                ;
; Auto Resource Sharing                                                           ; Off                ; Off                ;
; Allow Any RAM Size For Recognition                                              ; Off                ; Off                ;
; Allow Any ROM Size For Recognition                                              ; Off                ; Off                ;
; Allow Any Shift Register Size For Recognition                                   ; Off                ; Off                ;
; Use LogicLock Constraints during Resource Balancing                             ; On                 ; On                 ;
; Ignore translate_off and synthesis_off directives                               ; Off                ; Off                ;
; Timing-Driven Synthesis                                                         ; On                 ; On                 ;
; Report Parameter Settings                                                       ; On                 ; On                 ;
; Report Source Assignments                                                       ; On                 ; On                 ;
; Report Connectivity Checks                                                      ; On                 ; On                 ;
; Ignore Maximum Fan-Out Assignments                                              ; Off                ; Off                ;
; Synchronization Register Chain Length                                           ; 3                  ; 3                  ;
; Power Optimization During Synthesis                                             ; Normal compilation ; Normal compilation ;
; HDL message level                                                               ; Level2             ; Level2             ;
; Suppress Register Optimization Related Messages                                 ; Off                ; Off                ;
; Number of Removed Registers Reported in Synthesis Report                        ; 5000               ; 5000               ;
; Number of Swept Nodes Reported in Synthesis Report                              ; 5000               ; 5000               ;
; Number of Inverted Registers Reported in Synthesis Report                       ; 100                ; 100                ;
; Clock MUX Protection                                                            ; On                 ; On                 ;
; Auto Gated Clock Conversion                                                     ; Off                ; Off                ;
; Block Design Naming                                                             ; Auto               ; Auto               ;
; SDC constraint protection                                                       ; Off                ; Off                ;
; Synthesis Effort                                                                ; Auto               ; Auto               ;
; Shift Register Replacement - Allow Asynchronous Clear Signal                    ; On                 ; On                 ;
; Pre-Mapping Resynthesis Optimization                                            ; Off                ; Off                ;
; Analysis & Synthesis Message Level                                              ; Medium             ; Medium             ;
; Disable Register Merging Across Hierarchies                                     ; Auto               ; Auto               ;
; Resource Aware Inference For Block RAM                                          ; On                 ; On                 ;
; Automatic Parallel Synthesis                                                    ; On                 ; On                 ;
; Partial Reconfiguration Bitstream ID                                            ; Off                ; Off                ;
+---------------------------------------------------------------------------------+--------------------+--------------------+


+---------------------------------+
; Analysis & Elaboration Messages ;
+---------------------------------+
Info: *******************************************************************
Info: Running Quartus Prime Analysis & Elaboration
    Info: Version 20.1.0 Build 711 06/05/2020 SJ Lite Edition
    Info: Processing started: Fri Sep 03 11:38:00 2021
Info: Command: quartus_map --read_settings_files=on --write_settings_files=off FD_Aula1 -c FD_Aula1 --analysis_and_elaboration
Info (125069): Default assignment values were changed in the current version of the Quartus Prime software -- changes to default assignments values are contained in file c:/intelfpga_lite/20.1/quartus/bin64/assignment_defaults.qdf
Warning (18236): Number of processors has not been specified which may cause overloading on shared machines.  Set the global assignment NUM_PARALLEL_PROCESSORS in your QSF to an appropriate value for best performance.
Info (20030): Parallel compilation is enabled and will use 4 of the 4 processors detected
Info (12021): Found 1 design units, including 1 entities, in source file de0_cv_golden_top.v
    Info (12023): Found entity 1: DE0_CV_golden_top File: C:/Users/elm_t/Documents/grad/descomp/aula_01demo/DE0_CV_golden_top.v Line: 54
Info (12021): Found 2 design units, including 1 entities, in source file fd_aula1.vhd
    Info (12022): Found design unit 1: FD_Aula1-arquitetura File: C:/Users/elm_t/Documents/grad/descomp/aula_01demo/FD_Aula1.vhd Line: 18
    Info (12023): Found entity 1: FD_Aula1 File: C:/Users/elm_t/Documents/grad/descomp/aula_01demo/FD_Aula1.vhd Line: 4
Info (12021): Found 2 design units, including 1 entities, in source file muxgenerico2x1.vhd
    Info (12022): Found design unit 1: muxGenerico2x1-comportamento File: C:/Users/elm_t/Documents/grad/descomp/aula_01demo/muxGenerico2x1.vhd Line: 15
    Info (12023): Found entity 1: muxGenerico2x1 File: C:/Users/elm_t/Documents/grad/descomp/aula_01demo/muxGenerico2x1.vhd Line: 5
Info (12021): Found 2 design units, including 1 entities, in source file registradorgenerico.vhd
    Info (12022): Found design unit 1: registradorGenerico-comportamento File: C:/Users/elm_t/Documents/grad/descomp/aula_01demo/registradorGenerico.vhd Line: 15
    Info (12023): Found entity 1: registradorGenerico File: C:/Users/elm_t/Documents/grad/descomp/aula_01demo/registradorGenerico.vhd Line: 4
Info (12021): Found 2 design units, including 1 entities, in source file ulasomasub.vhd
    Info (12022): Found design unit 1: ULASomaSub-comportamento File: C:/Users/elm_t/Documents/grad/descomp/aula_01demo/ULASomaSub.vhd Line: 14
    Info (12023): Found entity 1: ULASomaSub File: C:/Users/elm_t/Documents/grad/descomp/aula_01demo/ULASomaSub.vhd Line: 5
Info (12021): Found 3 design units, including 1 entities, in source file edgedetector.vhd
    Info (12022): Found design unit 1: edgeDetector-bordaSubida File: C:/Users/elm_t/Documents/grad/descomp/aula_01demo/edgeDetector.vhd Line: 10
    Info (12022): Found design unit 2: edgeDetector-bordaDescida File: C:/Users/elm_t/Documents/grad/descomp/aula_01demo/edgeDetector.vhd Line: 23
    Info (12023): Found entity 1: edgeDetector File: C:/Users/elm_t/Documents/grad/descomp/aula_01demo/edgeDetector.vhd Line: 4
Info (12127): Elaborating entity "DE0_CV_golden_top" for the top level hierarchy
Warning (10034): Output port "DRAM_ADDR" at DE0_CV_golden_top.v(76) has no driver File: C:/Users/elm_t/Documents/grad/descomp/aula_01demo/DE0_CV_golden_top.v Line: 76
Warning (10034): Output port "DRAM_BA" at DE0_CV_golden_top.v(77) has no driver File: C:/Users/elm_t/Documents/grad/descomp/aula_01demo/DE0_CV_golden_top.v Line: 77
Warning (10034): Output port "HEX0" at DE0_CV_golden_top.v(95) has no driver File: C:/Users/elm_t/Documents/grad/descomp/aula_01demo/DE0_CV_golden_top.v Line: 95
Warning (10034): Output port "HEX1" at DE0_CV_golden_top.v(99) has no driver File: C:/Users/elm_t/Documents/grad/descomp/aula_01demo/DE0_CV_golden_top.v Line: 99
Warning (10034): Output port "HEX2" at DE0_CV_golden_top.v(103) has no driver File: C:/Users/elm_t/Documents/grad/descomp/aula_01demo/DE0_CV_golden_top.v Line: 103
Warning (10034): Output port "HEX3" at DE0_CV_golden_top.v(107) has no driver File: C:/Users/elm_t/Documents/grad/descomp/aula_01demo/DE0_CV_golden_top.v Line: 107
Warning (10034): Output port "HEX4" at DE0_CV_golden_top.v(111) has no driver File: C:/Users/elm_t/Documents/grad/descomp/aula_01demo/DE0_CV_golden_top.v Line: 111
Warning (10034): Output port "HEX5" at DE0_CV_golden_top.v(115) has no driver File: C:/Users/elm_t/Documents/grad/descomp/aula_01demo/DE0_CV_golden_top.v Line: 115
Warning (10034): Output port "LEDR" at DE0_CV_golden_top.v(123) has no driver File: C:/Users/elm_t/Documents/grad/descomp/aula_01demo/DE0_CV_golden_top.v Line: 123
Warning (10034): Output port "VGA_B" at DE0_CV_golden_top.v(148) has no driver File: C:/Users/elm_t/Documents/grad/descomp/aula_01demo/DE0_CV_golden_top.v Line: 148
Warning (10034): Output port "VGA_G" at DE0_CV_golden_top.v(149) has no driver File: C:/Users/elm_t/Documents/grad/descomp/aula_01demo/DE0_CV_golden_top.v Line: 149
Warning (10034): Output port "VGA_R" at DE0_CV_golden_top.v(151) has no driver File: C:/Users/elm_t/Documents/grad/descomp/aula_01demo/DE0_CV_golden_top.v Line: 151
Warning (10034): Output port "DRAM_CAS_N" at DE0_CV_golden_top.v(78) has no driver File: C:/Users/elm_t/Documents/grad/descomp/aula_01demo/DE0_CV_golden_top.v Line: 78
Warning (10034): Output port "DRAM_CKE" at DE0_CV_golden_top.v(79) has no driver File: C:/Users/elm_t/Documents/grad/descomp/aula_01demo/DE0_CV_golden_top.v Line: 79
Warning (10034): Output port "DRAM_CLK" at DE0_CV_golden_top.v(80) has no driver File: C:/Users/elm_t/Documents/grad/descomp/aula_01demo/DE0_CV_golden_top.v Line: 80
Warning (10034): Output port "DRAM_CS_N" at DE0_CV_golden_top.v(81) has no driver File: C:/Users/elm_t/Documents/grad/descomp/aula_01demo/DE0_CV_golden_top.v Line: 81
Warning (10034): Output port "DRAM_LDQM" at DE0_CV_golden_top.v(83) has no driver File: C:/Users/elm_t/Documents/grad/descomp/aula_01demo/DE0_CV_golden_top.v Line: 83
Warning (10034): Output port "DRAM_RAS_N" at DE0_CV_golden_top.v(84) has no driver File: C:/Users/elm_t/Documents/grad/descomp/aula_01demo/DE0_CV_golden_top.v Line: 84
Warning (10034): Output port "DRAM_UDQM" at DE0_CV_golden_top.v(85) has no driver File: C:/Users/elm_t/Documents/grad/descomp/aula_01demo/DE0_CV_golden_top.v Line: 85
Warning (10034): Output port "DRAM_WE_N" at DE0_CV_golden_top.v(86) has no driver File: C:/Users/elm_t/Documents/grad/descomp/aula_01demo/DE0_CV_golden_top.v Line: 86
Warning (10034): Output port "SD_CLK" at DE0_CV_golden_top.v(138) has no driver File: C:/Users/elm_t/Documents/grad/descomp/aula_01demo/DE0_CV_golden_top.v Line: 138
Warning (10034): Output port "VGA_HS" at DE0_CV_golden_top.v(150) has no driver File: C:/Users/elm_t/Documents/grad/descomp/aula_01demo/DE0_CV_golden_top.v Line: 150
Warning (10034): Output port "VGA_VS" at DE0_CV_golden_top.v(154) has no driver File: C:/Users/elm_t/Documents/grad/descomp/aula_01demo/DE0_CV_golden_top.v Line: 154
Warning (12158): Entity "DE0_CV_golden_top" contains only dangling pins
Info: Quartus Prime Analysis & Elaboration was successful. 0 errors, 25 warnings
    Info: Peak virtual memory: 4841 megabytes
    Info: Processing ended: Fri Sep 03 11:38:11 2021
    Info: Elapsed time: 00:00:11
    Info: Total CPU time (on all processors): 00:00:28


